0 info it worked if it ends with ok
1 verbose cli [ '/usr/bin/nodejs', '/usr/bin/npm', 'run', 'build' ]
2 info using npm@3.10.9
3 info using node@v7.2.0
4 verbose run-script [ 'prebuild', 'build', 'postbuild' ]
5 info lifecycle article-navigator@1.0.0~prebuild: article-navigator@1.0.0
6 silly lifecycle article-navigator@1.0.0~prebuild: no script for prebuild, continuing
7 info lifecycle article-navigator@1.0.0~build: article-navigator@1.0.0
8 verbose lifecycle article-navigator@1.0.0~build: unsafe-perm in lifecycle true
9 verbose lifecycle article-navigator@1.0.0~build: PATH: /usr/lib/node_modules/npm/bin/node-gyp-bin:/home/thedongmaestro/Projects/ArticleNavigator/node_modules/.bin:/home/thedongmaestro/bin:/home/thedongmaestro/.local/bin:/usr/local/sbin:/usr/local/bin:/usr/sbin:/usr/bin:/sbin:/bin:/usr/games:/usr/local/games:/snap/bin
10 verbose lifecycle article-navigator@1.0.0~build: CWD: /home/thedongmaestro/Projects/ArticleNavigator
11 silly lifecycle article-navigator@1.0.0~build: Args: [ '-c',
11 silly lifecycle   'babel src -d js/src && browserify js/src/*.js js/bundle.js' ]
12 silly lifecycle article-navigator@1.0.0~build: Returned: code: 2  signal: null
13 info lifecycle article-navigator@1.0.0~build: Failed to exec build script
14 verbose stack Error: article-navigator@1.0.0 build: `babel src -d js/src && browserify js/src/*.js js/bundle.js`
14 verbose stack Exit status 2
14 verbose stack     at EventEmitter.<anonymous> (/usr/lib/node_modules/npm/lib/utils/lifecycle.js:255:16)
14 verbose stack     at emitTwo (events.js:106:13)
14 verbose stack     at EventEmitter.emit (events.js:191:7)
14 verbose stack     at ChildProcess.<anonymous> (/usr/lib/node_modules/npm/lib/utils/spawn.js:40:14)
14 verbose stack     at emitTwo (events.js:106:13)
14 verbose stack     at ChildProcess.emit (events.js:191:7)
14 verbose stack     at maybeClose (internal/child_process.js:885:16)
14 verbose stack     at Process.ChildProcess._handle.onexit (internal/child_process.js:226:5)
15 verbose pkgid article-navigator@1.0.0
16 verbose cwd /home/thedongmaestro/Projects/ArticleNavigator
17 error Linux 4.8.0-27-generic
18 error argv "/usr/bin/nodejs" "/usr/bin/npm" "run" "build"
19 error node v7.2.0
20 error npm  v3.10.9
21 error code ELIFECYCLE
22 error article-navigator@1.0.0 build: `babel src -d js/src && browserify js/src/*.js js/bundle.js`
22 error Exit status 2
23 error Failed at the article-navigator@1.0.0 build script 'babel src -d js/src && browserify js/src/*.js js/bundle.js'.
23 error Make sure you have the latest version of node.js and npm installed.
23 error If you do, this is most likely a problem with the article-navigator package,
23 error not with npm itself.
23 error Tell the author that this fails on your system:
23 error     babel src -d js/src && browserify js/src/*.js js/bundle.js
23 error You can get information on how to open an issue for this project with:
23 error     npm bugs article-navigator
23 error Or if that isn't available, you can get their info via:
23 error     npm owner ls article-navigator
23 error There is likely additional logging output above.
24 verbose exit [ 1, true ]
